e:\topo-dda-forwin64\topo-dda-forwin64\x64\release\vc142.pdb
e:\topo-dda-forwin64\topo-dda-forwin64\x64\release\fom.obj
e:\topo-dda-forwin64\topo-dda-forwin64\x64\release\spacepara.obj
e:\topo-dda-forwin64\topo-dda-forwin64\x64\release\tools.obj
e:\topo-dda-forwin64\topo-dda-forwin64\x64\release\test.obj
e:\topo-dda-forwin64\topo-dda-forwin64\x64\release\structure.obj
e:\topo-dda-forwin64\topo-dda-forwin64\x64\release\space.obj
e:\topo-dda-forwin64\topo-dda-forwin64\x64\release\sici.obj
e:\topo-dda-forwin64\topo-dda-forwin64\x64\release\objectiveddamodel.obj
e:\topo-dda-forwin64\topo-dda-forwin64\x64\release\filteroption.obj
e:\topo-dda-forwin64\topo-dda-forwin64\x64\release\ddamodel.obj
e:\topo-dda-forwin64\topo-dda-forwin64\x64\release\evoddamodel.obj
e:\topo-dda-forwin64\topo-dda-forwin64\x64\release\corestructure.obj
e:\topo-dda-forwin64\topo-dda-forwin64\x64\release\aproductcore.obj
x64\release\kernel.cu.obj
e:\topo-dda-forwin64\x64\release\topo-dda-forwin64.exe
e:\topo-dda-forwin64\x64\release\topo-dda-forwin64.pdb
e:\topo-dda-forwin64\x64\release\topo-dda-forwin64.ipdb
e:\topo-dda-forwin64\x64\release\topo-dda-forwin64.iobj
e:\topo-dda-forwin64\topo-dda-forwin64\x64\release\kernel.cu.cache
e:\topo-dda-forwin64\topo-dda-forwin64\x64\release\kernel.cu.obj
e:\topo-dda-forwin64\topo-dda-forwin64\x64\release\topo-dda.4fd79967.tlog\cl.command.1.tlog
e:\topo-dda-forwin64\topo-dda-forwin64\x64\release\topo-dda.4fd79967.tlog\cl.read.1.tlog
e:\topo-dda-forwin64\topo-dda-forwin64\x64\release\topo-dda.4fd79967.tlog\cl.write.1.tlog
e:\topo-dda-forwin64\topo-dda-forwin64\x64\release\topo-dda.4fd79967.tlog\cudacompile.read.1u.tlog
e:\topo-dda-forwin64\topo-dda-forwin64\x64\release\topo-dda.4fd79967.tlog\cudacompile.write.1u.tlog
e:\topo-dda-forwin64\topo-dda-forwin64\x64\release\topo-dda.4fd79967.tlog\link.command.1.tlog
e:\topo-dda-forwin64\topo-dda-forwin64\x64\release\topo-dda.4fd79967.tlog\link.read.1.tlog
e:\topo-dda-forwin64\topo-dda-forwin64\x64\release\topo-dda.4fd79967.tlog\link.write.1.tlog
e:\topo-dda-forwin64\topo-dda-forwin64\x64\release\topo-dda.4fd79967.tlog\topo-dda-forwin64.write.1u.tlog
